  ConsoleApplication2.cpp
D:\documents\Visual Studio 2022\ConsoleApplication2\ConsoleApplication2\ConsoleApplication2.cpp(25,16): error C2061: syntax error: identifier 'm'
D:\documents\Visual Studio 2022\ConsoleApplication2\ConsoleApplication2\ConsoleApplication2.cpp(33,1): error C2628: 'percentage' followed by 'int' is illegal (did you forget a ';'?)
D:\documents\Visual Studio 2022\ConsoleApplication2\ConsoleApplication2\ConsoleApplication2.cpp(33,5): error C3874: return type of 'main' should be 'int' instead of 'percentage'
D:\documents\Visual Studio 2022\ConsoleApplication2\ConsoleApplication2\ConsoleApplication2.cpp(37,5): error C3861: 'getmarks': identifier not found
D:\documents\Visual Studio 2022\ConsoleApplication2\ConsoleApplication2\ConsoleApplication2.cpp(38,5): error C3861: 'gettotal': identifier not found
D:\documents\Visual Studio 2022\ConsoleApplication2\ConsoleApplication2\ConsoleApplication2.cpp(39,15): error C2440: '<function-style-cast>': cannot convert from 'initializer list' to 'percentage'
D:\documents\Visual Studio 2022\ConsoleApplication2\ConsoleApplication2\ConsoleApplication2.cpp(39,15): message : No constructor could take the source type, or constructor overload resolution was ambiguous
D:\documents\Visual Studio 2022\ConsoleApplication2\ConsoleApplication2\ConsoleApplication2.cpp(40,5): error C3861: 'set': identifier not found
D:\documents\Visual Studio 2022\ConsoleApplication2\ConsoleApplication2\ConsoleApplication2.cpp(41,5): error C3861: 'perce': identifier not found
D:\documents\Visual Studio 2022\ConsoleApplication2\ConsoleApplication2\ConsoleApplication2.cpp(42,1): error C2143: syntax error: missing ';' before '}'
D:\documents\Visual Studio 2022\ConsoleApplication2\ConsoleApplication2\ConsoleApplication2.cpp(14,9): error C2562: 'percentage::getmarks': 'void' function returning a value
D:\documents\Visual Studio 2022\ConsoleApplication2\ConsoleApplication2\ConsoleApplication2.cpp(12,10): message : see declaration of 'percentage::getmarks'
D:\documents\Visual Studio 2022\ConsoleApplication2\ConsoleApplication2\ConsoleApplication2.cpp(18,9): error C2562: 'percentage::gettotal': 'void' function returning a value
D:\documents\Visual Studio 2022\ConsoleApplication2\ConsoleApplication2\ConsoleApplication2.cpp(16,10): message : see declaration of 'percentage::gettotal'
D:\documents\Visual Studio 2022\ConsoleApplication2\ConsoleApplication2\ConsoleApplication2.cpp(24,5): error C2143: syntax error: missing ';' before '}'
D:\documents\Visual Studio 2022\ConsoleApplication2\ConsoleApplication2\ConsoleApplication2.cpp(28,20): error C2065: 'm': undeclared identifier
D:\documents\Visual Studio 2022\ConsoleApplication2\ConsoleApplication2\ConsoleApplication2.cpp(28,30): error C2065: 't': undeclared identifier
D:\documents\Visual Studio 2022\ConsoleApplication2\ConsoleApplication2\ConsoleApplication2.cpp(29,9): error C2562: 'percentage::perce': 'void' function returning a value
D:\documents\Visual Studio 2022\ConsoleApplication2\ConsoleApplication2\ConsoleApplication2.cpp(25,10): message : see declaration of 'percentage::perce'
